<?xml version="1.0" encoding="UTF-8"?>
<testng-results skipped="0" failed="0" ignored="0" total="1" passed="1">
  <reporter-output>
  </reporter-output>
  <suite name="Suite" duration-ms="43795" started-at="2020-08-08T02:51:16 IST" finished-at="2020-08-08T02:52:00 IST">
    <groups>
    </groups>
    <test name="Test" duration-ms="43795" started-at="2020-08-08T02:51:16 IST" finished-at="2020-08-08T02:52:00 IST">
      <class name="com.goibibo.auto.GoIbibo.SS1_bookFlight">
        <test-method status="PASS" signature="bookFlight()[pri:0, instance:com.goibibo.auto.GoIbibo.SS1_bookFlight@6fc6f14e]" name="bookFlight" duration-ms="43751" started-at="2020-08-08T02:51:16 IST" finished-at="2020-08-08T02:52:00 IST">
          <reporter-output>
          </reporter-output>
        </test-method> <!-- bookFlight -->
      </class> <!-- com.goibibo.auto.GoIbibo.SS1_bookFlight -->
    </test> <!-- Test -->
  </suite> <!-- Suite -->
</testng-results>
